<?xml version="1.0" encoding="UTF-8"?>
<!-- Generated by org.testng.reporters.JUnitReportReporter -->
<testsuite hostname="Ajay" failures="0" tests="1" name="TestClasses.SFtest" time="45.976" errors="0" timestamp="2022-02-04T16:54:23 IST" skipped="0">
  <testcase classname="TestClasses.SFtest" name="test1" time="45.976"/>
  <system-out/>
</testsuite> <!-- TestClasses.SFtest -->
